2024-05-18 18:13:13 - User EM0001 created successfully.
2024-05-18 18:13:13 - MFA code for user EM0001 generated successfully.
2024-05-18 18:17:07 - User EM0001 logged into the system.
2024-05-18 18:33:23 - User EM0001 logged into the system.
2024-05-18 18:35:45 - User EM0001 logged into the system.
2024-05-18 18:44:21 - User EM0001 logged into the system.
2024-05-18 18:49:08 - User EM0001 logged into the system.
2024-05-18 18:50:04 - User  logged into the system.
2024-05-18 18:51:04 - User  logged into the system.
2024-05-18 18:52:11 - User EM0001 logged into the system.
2024-05-18 21:07:17 - User EM0001 logged into the system.
2024-05-18 21:08:34 - User EM0001 logged into the system.
2024-05-18 21:28:24 - Account for user EM0001 was Locked by Admin.
2024-05-18 21:30:00 - Account for user EM0001 was Opened by Admin.
2024-05-18 22:07:51 - User EM0002 created successfully.
2024-05-18 22:07:51 - MFA code for user EM0002 generated successfully.
2024-05-18 22:10:35 - User EM0001 logged into the system.
2024-05-18 22:11:13 - Account for user EM0002 was locked by Admin.
2024-05-18 22:34:02 - Account for user EM0002 was opened by Admin.
2024-05-18 22:34:03 - Account for user EM0002 was locked by Admin.
2024-05-18 22:34:06 - Account for user EM0002 was opened by Admin.
2024-05-18 22:50:46 - Account for user EM0002 was locked by Admin.
2024-05-18 22:53:29 - Account for user EM0002 was opened by Admin.
2024-05-18 22:53:30 - Account for user EM0002 was locked by Admin.
2024-05-18 22:56:04 - Account for user EM0002 was opened by Admin.
2024-05-18 22:57:40 - Account for user EM0002 was locked by Admin.
2024-05-18 22:57:41 - Account for user EM0002 was deleted by Admin.
2024-05-18 23:05:40 - User EM0002 created successfully.
2024-05-18 23:05:40 - MFA code for user EM0002 generated successfully.
